1733836871.621034 client started (17236): version 3.4, socket /tmp/tmux-1000/default, protocol 8
1733836871.621143 on Linux 6.8.0-49-generic #49-Ubuntu SMP PREEMPT_DYNAMIC Mon Nov  4 02:06:24 UTC 2024
1733836871.621183 using libevent 2.1.12-stable poll
1733836871.621223 using ncurses 6.4 20240113
1733836871.621298 flags are 0x10010000
1733836871.621368 socket is /tmp/tmux-1000/default
1733836871.621443 trying connect
1733836871.621694 add peer 0x5c9efdec81d0: 6 ((nil))
1733836871.622662 sending message 100 to peer 0x5c9efdec81d0 (4 bytes)
1733836871.622725 sending message 111 to peer 0x5c9efdec81d0 (8 bytes)
1733836871.622757 sending message 101 to peer 0x5c9efdec81d0 (14 bytes)
1733836871.622788 sending message 109 to peer 0x5c9efdec81d0 (4 bytes)
1733836871.622817 sending message 102 to peer 0x5c9efdec81d0 (11 bytes)
1733836871.622847 sending message 108 to peer 0x5c9efdec81d0 (35 bytes)
1733836871.622877 sending message 112 to peer 0x5c9efdec81d0 (70 bytes)
1733836871.622901 sending message 112 to peer 0x5c9efdec81d0 (5 bytes)
1733836871.622918 sending message 112 to peer 0x5c9efdec81d0 (5 bytes)
1733836871.622932 sending message 112 to peer 0x5c9efdec81d0 (6 bytes)
1733836871.622946 sending message 112 to peer 0x5c9efdec81d0 (6 bytes)
1733836871.622959 sending message 112 to peer 0x5c9efdec81d0 (11 bytes)
1733836871.622973 sending message 112 to peer 0x5c9efdec81d0 (10 bytes)
1733836871.622988 sending message 112 to peer 0x5c9efdec81d0 (13 bytes)
1733836871.623005 sending message 112 to peer 0x5c9efdec81d0 (13 bytes)
1733836871.623023 sending message 112 to peer 0x5c9efdec81d0 (18 bytes)
1733836871.623037 sending message 112 to peer 0x5c9efdec81d0 (11 bytes)
1733836871.623051 sending message 112 to peer 0x5c9efdec81d0 (10 bytes)
1733836871.623065 sending message 112 to peer 0x5c9efdec81d0 (15 bytes)
1733836871.623079 sending message 112 to peer 0x5c9efdec81d0 (21 bytes)
1733836871.623092 sending message 112 to peer 0x5c9efdec81d0 (13 bytes)
1733836871.623106 sending message 112 to peer 0x5c9efdec81d0 (7 bytes)
1733836871.623120 sending message 112 to peer 0x5c9efdec81d0 (13 bytes)
1733836871.623134 sending message 112 to peer 0x5c9efdec81d0 (7 bytes)
1733836871.623148 sending message 112 to peer 0x5c9efdec81d0 (13 bytes)
1733836871.623162 sending message 112 to peer 0x5c9efdec81d0 (9 bytes)
1733836871.623175 sending message 112 to peer 0x5c9efdec81d0 (21 bytes)
1733836871.623189 sending message 112 to peer 0x5c9efdec81d0 (13 bytes)
1733836871.623203 sending message 112 to peer 0x5c9efdec81d0 (8 bytes)
1733836871.623217 sending message 112 to peer 0x5c9efdec81d0 (12 bytes)
1733836871.623230 sending message 112 to peer 0x5c9efdec81d0 (13 bytes)
1733836871.623244 sending message 112 to peer 0x5c9efdec81d0 (9 bytes)
1733836871.623255 sending message 112 to peer 0x5c9efdec81d0 (9 bytes)
1733836871.623266 sending message 112 to peer 0x5c9efdec81d0 (12 bytes)
1733836871.623277 sending message 112 to peer 0x5c9efdec81d0 (8 bytes)
1733836871.623288 sending message 112 to peer 0x5c9efdec81d0 (8 bytes)
1733836871.623300 sending message 112 to peer 0x5c9efdec81d0 (7 bytes)
1733836871.623311 sending message 112 to peer 0x5c9efdec81d0 (7 bytes)
1733836871.623322 sending message 112 to peer 0x5c9efdec81d0 (9 bytes)
1733836871.623333 sending message 112 to peer 0x5c9efdec81d0 (13 bytes)
1733836871.623344 sending message 112 to peer 0x5c9efdec81d0 (6 bytes)
1733836871.623355 sending message 112 to peer 0x5c9efdec81d0 (9 bytes)
1733836871.623366 sending message 112 to peer 0x5c9efdec81d0 (15 bytes)
1733836871.623377 sending message 112 to peer 0x5c9efdec81d0 (13 bytes)
1733836871.623388 sending message 112 to peer 0x5c9efdec81d0 (12 bytes)
1733836871.623399 sending message 112 to peer 0x5c9efdec81d0 (8 bytes)
1733836871.623410 sending message 112 to peer 0x5c9efdec81d0 (14 bytes)
1733836871.623421 sending message 112 to peer 0x5c9efdec81d0 (11 bytes)
1733836871.623432 sending message 112 to peer 0x5c9efdec81d0 (9 bytes)
1733836871.623443 sending message 112 to peer 0x5c9efdec81d0 (10 bytes)
1733836871.623465 sending message 112 to peer 0x5c9efdec81d0 (10 bytes)
1733836871.623512 sending message 112 to peer 0x5c9efdec81d0 (10 bytes)
1733836871.623524 sending message 112 to peer 0x5c9efdec81d0 (10 bytes)
1733836871.623535 sending message 112 to peer 0x5c9efdec81d0 (11 bytes)
1733836871.623546 sending message 112 to peer 0x5c9efdec81d0 (12 bytes)
1733836871.623558 sending message 112 to peer 0x5c9efdec81d0 (12 bytes)
1733836871.623569 sending message 112 to peer 0x5c9efdec81d0 (12 bytes)
1733836871.623580 sending message 112 to peer 0x5c9efdec81d0 (12 bytes)
1733836871.623591 sending message 112 to peer 0x5c9efdec81d0 (12 bytes)
1733836871.623602 sending message 112 to peer 0x5c9efdec81d0 (11 bytes)
1733836871.623614 sending message 112 to peer 0x5c9efdec81d0 (11 bytes)
1733836871.623625 sending message 112 to peer 0x5c9efdec81d0 (12 bytes)
1733836871.623636 sending message 112 to peer 0x5c9efdec81d0 (12 bytes)
1733836871.623647 sending message 112 to peer 0x5c9efdec81d0 (12 bytes)
1733836871.623659 sending message 112 to peer 0x5c9efdec81d0 (12 bytes)
1733836871.623670 sending message 112 to peer 0x5c9efdec81d0 (12 bytes)
1733836871.623681 sending message 112 to peer 0x5c9efdec81d0 (10 bytes)
1733836871.623692 sending message 112 to peer 0x5c9efdec81d0 (12 bytes)
1733836871.623703 sending message 112 to peer 0x5c9efdec81d0 (13 bytes)
1733836871.623714 sending message 112 to peer 0x5c9efdec81d0 (13 bytes)
1733836871.623725 sending message 112 to peer 0x5c9efdec81d0 (13 bytes)
1733836871.623737 sending message 112 to peer 0x5c9efdec81d0 (13 bytes)
1733836871.623748 sending message 112 to peer 0x5c9efdec81d0 (13 bytes)
1733836871.623759 sending message 112 to peer 0x5c9efdec81d0 (8 bytes)
1733836871.623771 sending message 112 to peer 0x5c9efdec81d0 (11 bytes)
1733836871.623782 sending message 112 to peer 0x5c9efdec81d0 (11 bytes)
1733836871.623793 sending message 112 to peer 0x5c9efdec81d0 (11 bytes)
1733836871.623805 sending message 112 to peer 0x5c9efdec81d0 (12 bytes)
1733836871.623816 sending message 112 to peer 0x5c9efdec81d0 (12 bytes)
1733836871.623827 sending message 112 to peer 0x5c9efdec81d0 (12 bytes)
1733836871.623838 sending message 112 to peer 0x5c9efdec81d0 (12 bytes)
1733836871.623849 sending message 112 to peer 0x5c9efdec81d0 (13 bytes)
1733836871.623860 sending message 112 to peer 0x5c9efdec81d0 (13 bytes)
1733836871.623872 sending message 112 to peer 0x5c9efdec81d0 (13 bytes)
1733836871.623883 sending message 112 to peer 0x5c9efdec81d0 (8 bytes)
1733836871.623894 sending message 112 to peer 0x5c9efdec81d0 (13 bytes)
1733836871.623905 sending message 112 to peer 0x5c9efdec81d0 (13 bytes)
1733836871.623916 sending message 112 to peer 0x5c9efdec81d0 (13 bytes)
1733836871.623927 sending message 112 to peer 0x5c9efdec81d0 (13 bytes)
1733836871.623939 sending message 112 to peer 0x5c9efdec81d0 (13 bytes)
1733836871.623950 sending message 112 to peer 0x5c9efdec81d0 (12 bytes)
1733836871.623961 sending message 112 to peer 0x5c9efdec81d0 (12 bytes)
1733836871.623972 sending message 112 to peer 0x5c9efdec81d0 (12 bytes)
1733836871.623983 sending message 112 to peer 0x5c9efdec81d0 (12 bytes)
1733836871.623994 sending message 112 to peer 0x5c9efdec81d0 (13 bytes)
1733836871.624005 sending message 112 to peer 0x5c9efdec81d0 (8 bytes)
1733836871.624016 sending message 112 to peer 0x5c9efdec81d0 (13 bytes)
1733836871.624027 sending message 112 to peer 0x5c9efdec81d0 (13 bytes)
1733836871.624038 sending message 112 to peer 0x5c9efdec81d0 (13 bytes)
1733836871.624049 sending message 112 to peer 0x5c9efdec81d0 (13 bytes)
1733836871.624060 sending message 112 to peer 0x5c9efdec81d0 (13 bytes)
1733836871.624072 sending message 112 to peer 0x5c9efdec81d0 (13 bytes)
1733836871.624083 sending message 112 to peer 0x5c9efdec81d0 (13 bytes)
1733836871.624094 sending message 112 to peer 0x5c9efdec81d0 (12 bytes)
1733836871.624105 sending message 112 to peer 0x5c9efdec81d0 (12 bytes)
1733836871.624116 sending message 112 to peer 0x5c9efdec81d0 (12 bytes)
1733836871.624127 sending message 112 to peer 0x5c9efdec81d0 (8 bytes)
1733836871.624138 sending message 112 to peer 0x5c9efdec81d0 (12 bytes)
1733836871.624164 sending message 112 to peer 0x5c9efdec81d0 (13 bytes)
1733836871.624175 sending message 112 to peer 0x5c9efdec81d0 (13 bytes)
1733836871.624186 sending message 112 to peer 0x5c9efdec81d0 (13 bytes)
1733836871.624197 sending message 112 to peer 0x5c9efdec81d0 (13 bytes)
1733836871.624208 sending message 112 to peer 0x5c9efdec81d0 (13 bytes)
1733836871.624219 sending message 112 to peer 0x5c9efdec81d0 (13 bytes)
1733836871.624230 sending message 112 to peer 0x5c9efdec81d0 (13 bytes)
1733836871.624241 sending message 112 to peer 0x5c9efdec81d0 (13 bytes)
1733836871.624252 sending message 112 to peer 0x5c9efdec81d0 (12 bytes)
1733836871.624264 sending message 112 to peer 0x5c9efdec81d0 (10 bytes)
1733836871.624275 sending message 112 to peer 0x5c9efdec81d0 (12 bytes)
1733836871.624286 sending message 112 to peer 0x5c9efdec81d0 (12 bytes)
1733836871.624297 sending message 112 to peer 0x5c9efdec81d0 (12 bytes)
1733836871.624309 sending message 112 to peer 0x5c9efdec81d0 (13 bytes)
1733836871.624323 sending message 112 to peer 0x5c9efdec81d0 (13 bytes)
1733836871.624342 sending message 112 to peer 0x5c9efdec81d0 (13 bytes)
1733836871.624371 sending message 112 to peer 0x5c9efdec81d0 (13 bytes)
1733836871.624401 sending message 112 to peer 0x5c9efdec81d0 (13 bytes)
1733836871.624430 sending message 112 to peer 0x5c9efdec81d0 (13 bytes)
1733836871.624478 sending message 112 to peer 0x5c9efdec81d0 (13 bytes)
1733836871.624517 sending message 112 to peer 0x5c9efdec81d0 (10 bytes)
1733836871.624546 sending message 112 to peer 0x5c9efdec81d0 (13 bytes)
1733836871.624575 sending message 112 to peer 0x5c9efdec81d0 (12 bytes)
1733836871.624604 sending message 112 to peer 0x5c9efdec81d0 (12 bytes)
1733836871.624633 sending message 112 to peer 0x5c9efdec81d0 (12 bytes)
1733836871.624662 sending message 112 to peer 0x5c9efdec81d0 (10 bytes)
1733836871.624691 sending message 112 to peer 0x5c9efdec81d0 (10 bytes)
1733836871.624720 sending message 112 to peer 0x5c9efdec81d0 (10 bytes)
1733836871.624749 sending message 112 to peer 0x5c9efdec81d0 (12 bytes)
1733836871.624777 sending message 112 to peer 0x5c9efdec81d0 (13 bytes)
1733836871.624806 sending message 112 to peer 0x5c9efdec81d0 (13 bytes)
1733836871.624835 sending message 112 to peer 0x5c9efdec81d0 (13 bytes)
1733836871.624864 sending message 112 to peer 0x5c9efdec81d0 (13 bytes)
1733836871.624893 sending message 112 to peer 0x5c9efdec81d0 (13 bytes)
1733836871.624922 sending message 112 to peer 0x5c9efdec81d0 (11 bytes)
1733836871.624950 sending message 112 to peer 0x5c9efdec81d0 (11 bytes)
1733836871.624979 sending message 112 to peer 0x5c9efdec81d0 (12 bytes)
1733836871.625008 sending message 112 to peer 0x5c9efdec81d0 (12 bytes)
1733836871.625036 sending message 112 to peer 0x5c9efdec81d0 (12 bytes)
1733836871.625065 sending message 112 to peer 0x5c9efdec81d0 (12 bytes)
1733836871.625094 sending message 112 to peer 0x5c9efdec81d0 (12 bytes)
1733836871.625122 sending message 112 to peer 0x5c9efdec81d0 (11 bytes)
1733836871.625153 sending message 112 to peer 0x5c9efdec81d0 (12 bytes)
1733836871.625184 sending message 112 to peer 0x5c9efdec81d0 (12 bytes)
1733836871.625214 sending message 112 to peer 0x5c9efdec81d0 (13 bytes)
1733836871.625245 sending message 112 to peer 0x5c9efdec81d0 (13 bytes)
1733836871.625275 sending message 112 to peer 0x5c9efdec81d0 (13 bytes)
1733836871.625304 sending message 112 to peer 0x5c9efdec81d0 (13 bytes)
1733836871.625332 sending message 112 to peer 0x5c9efdec81d0 (13 bytes)
1733836871.625361 sending message 112 to peer 0x5c9efdec81d0 (10 bytes)
1733836871.625390 sending message 112 to peer 0x5c9efdec81d0 (9 bytes)
1733836871.625420 sending message 112 to peer 0x5c9efdec81d0 (12 bytes)
1733836871.625450 sending message 112 to peer 0x5c9efdec81d0 (13 bytes)
1733836871.625502 sending message 112 to peer 0x5c9efdec81d0 (13 bytes)
1733836871.625533 sending message 112 to peer 0x5c9efdec81d0 (13 bytes)
1733836871.625563 sending message 112 to peer 0x5c9efdec81d0 (13 bytes)
1733836871.625593 sending message 112 to peer 0x5c9efdec81d0 (13 bytes)
1733836871.625664 sending message 112 to peer 0x5c9efdec81d0 (9 bytes)
1733836871.625695 sending message 112 to peer 0x5c9efdec81d0 (12 bytes)
1733836871.625726 sending message 112 to peer 0x5c9efdec81d0 (13 bytes)
1733836871.625756 sending message 112 to peer 0x5c9efdec81d0 (13 bytes)
1733836871.625785 sending message 112 to peer 0x5c9efdec81d0 (13 bytes)
1733836871.625816 sending message 112 to peer 0x5c9efdec81d0 (13 bytes)
1733836871.625846 sending message 112 to peer 0x5c9efdec81d0 (13 bytes)
1733836871.625877 sending message 112 to peer 0x5c9efdec81d0 (11 bytes)
1733836871.625907 sending message 112 to peer 0x5c9efdec81d0 (12 bytes)
1733836871.625941 sending message 112 to peer 0x5c9efdec81d0 (13 bytes)
1733836871.625971 sending message 112 to peer 0x5c9efdec81d0 (13 bytes)
1733836871.626002 sending message 112 to peer 0x5c9efdec81d0 (13 bytes)
1733836871.626032 sending message 112 to peer 0x5c9efdec81d0 (13 bytes)
1733836871.626063 sending message 112 to peer 0x5c9efdec81d0 (13 bytes)
1733836871.626093 sending message 112 to peer 0x5c9efdec81d0 (11 bytes)
1733836871.626124 sending message 112 to peer 0x5c9efdec81d0 (12 bytes)
1733836871.626153 sending message 112 to peer 0x5c9efdec81d0 (12 bytes)
1733836871.626184 sending message 112 to peer 0x5c9efdec81d0 (12 bytes)
1733836871.626214 sending message 112 to peer 0x5c9efdec81d0 (12 bytes)
1733836871.626246 sending message 112 to peer 0x5c9efdec81d0 (12 bytes)
1733836871.626276 sending message 112 to peer 0x5c9efdec81d0 (21 bytes)
1733836871.626307 sending message 112 to peer 0x5c9efdec81d0 (12 bytes)
1733836871.626338 sending message 112 to peer 0x5c9efdec81d0 (9 bytes)
1733836871.626368 sending message 112 to peer 0x5c9efdec81d0 (6 bytes)
1733836871.626399 sending message 112 to peer 0x5c9efdec81d0 (13 bytes)
1733836871.626429 sending message 112 to peer 0x5c9efdec81d0 (8 bytes)
1733836871.626476 sending message 112 to peer 0x5c9efdec81d0 (15 bytes)
1733836871.626519 sending message 112 to peer 0x5c9efdec81d0 (13 bytes)
1733836871.626550 sending message 112 to peer 0x5c9efdec81d0 (9 bytes)
1733836871.626581 sending message 112 to peer 0x5c9efdec81d0 (70 bytes)
1733836871.626612 sending message 112 to peer 0x5c9efdec81d0 (69 bytes)
1733836871.626642 sending message 112 to peer 0x5c9efdec81d0 (10 bytes)
1733836871.626672 sending message 112 to peer 0x5c9efdec81d0 (10 bytes)
1733836871.626701 sending message 112 to peer 0x5c9efdec81d0 (8 bytes)
1733836871.626731 sending message 112 to peer 0x5c9efdec81d0 (15 bytes)
1733836871.626762 sending message 112 to peer 0x5c9efdec81d0 (13 bytes)
1733836871.626792 sending message 112 to peer 0x5c9efdec81d0 (10 bytes)
1733836871.626823 sending message 112 to peer 0x5c9efdec81d0 (10 bytes)
1733836871.626853 sending message 112 to peer 0x5c9efdec81d0 (17 bytes)
1733836871.626884 sending message 112 to peer 0x5c9efdec81d0 (10 bytes)
1733836871.626915 sending message 112 to peer 0x5c9efdec81d0 (13 bytes)
1733836871.626945 sending message 112 to peer 0x5c9efdec81d0 (9 bytes)
1733836871.626976 sending message 112 to peer 0x5c9efdec81d0 (5 bytes)
1733836871.627006 sending message 112 to peer 0x5c9efdec81d0 (15 bytes)
1733836871.627039 sending message 104 to peer 0x5c9efdec81d0 (0 bytes)
1733836871.627069 sending message 110 to peer 0x5c9efdec81d0 (0 bytes)
1733836871.627101 sending message 107 to peer 0x5c9efdec81d0 (4 bytes)
1733836871.627132 sending message 105 to peer 0x5c9efdec81d0 (38 bytes)
1733836871.627161 sending message 105 to peer 0x5c9efdec81d0 (55 bytes)
1733836871.627190 sending message 105 to peer 0x5c9efdec81d0 (29 bytes)
1733836871.627221 sending message 105 to peer 0x5c9efdec81d0 (20 bytes)
1733836871.627251 sending message 105 to peer 0x5c9efdec81d0 (54 bytes)
1733836871.627282 sending message 105 to peer 0x5c9efdec81d0 (22 bytes)
1733836871.627312 sending message 105 to peer 0x5c9efdec81d0 (11 bytes)
1733836871.627341 sending message 105 to peer 0x5c9efdec81d0 (11 bytes)
1733836871.627371 sending message 105 to peer 0x5c9efdec81d0 (17 bytes)
1733836871.627401 sending message 105 to peer 0x5c9efdec81d0 (35 bytes)
1733836871.627498 sending message 105 to peer 0x5c9efdec81d0 (44 bytes)
1733836871.627532 sending message 105 to peer 0x5c9efdec81d0 (45 bytes)
1733836871.627563 sending message 105 to peer 0x5c9efdec81d0 (23 bytes)
1733836871.627592 sending message 105 to peer 0x5c9efdec81d0 (35 bytes)
1733836871.627621 sending message 105 to peer 0x5c9efdec81d0 (28 bytes)
1733836871.627650 sending message 105 to peer 0x5c9efdec81d0 (18 bytes)
1733836871.627681 sending message 105 to peer 0x5c9efdec81d0 (47 bytes)
1733836871.627713 sending message 105 to peer 0x5c9efdec81d0 (23 bytes)
1733836871.627742 sending message 105 to peer 0x5c9efdec81d0 (17 bytes)
1733836871.627771 sending message 105 to peer 0x5c9efdec81d0 (8 bytes)
1733836871.627801 sending message 105 to peer 0x5c9efdec81d0 (15 bytes)
1733836871.627830 sending message 105 to peer 0x5c9efdec81d0 (32 bytes)
1733836871.627860 sending message 105 to peer 0x5c9efdec81d0 (1817 bytes)
1733836871.627917 sending message 105 to peer 0x5c9efdec81d0 (16 bytes)
1733836871.627949 sending message 105 to peer 0x5c9efdec81d0 (155 bytes)
1733836871.627980 sending message 105 to peer 0x5c9efdec81d0 (51 bytes)
1733836871.628011 sending message 105 to peer 0x5c9efdec81d0 (60 bytes)
1733836871.628041 sending message 105 to peer 0x5c9efdec81d0 (16 bytes)
1733836871.628072 sending message 105 to peer 0x5c9efdec81d0 (33 bytes)
1733836871.628102 sending message 105 to peer 0x5c9efdec81d0 (69 bytes)
1733836871.628134 sending message 105 to peer 0x5c9efdec81d0 (42 bytes)
1733836871.628167 sending message 105 to peer 0x5c9efdec81d0 (11 bytes)
1733836871.628198 sending message 105 to peer 0x5c9efdec81d0 (643 bytes)
1733836871.628229 sending message 105 to peer 0x5c9efdec81d0 (41 bytes)
1733836871.628260 sending message 105 to peer 0x5c9efdec81d0 (39 bytes)
1733836871.628290 sending message 105 to peer 0x5c9efdec81d0 (19 bytes)
1733836871.628321 sending message 105 to peer 0x5c9efdec81d0 (18 bytes)
1733836871.628351 sending message 105 to peer 0x5c9efdec81d0 (82 bytes)
1733836871.628380 sending message 105 to peer 0x5c9efdec81d0 (19 bytes)
1733836871.628409 sending message 105 to peer 0x5c9efdec81d0 (8 bytes)
1733836871.628440 sending message 105 to peer 0x5c9efdec81d0 (41 bytes)
1733836871.628495 sending message 105 to peer 0x5c9efdec81d0 (22 bytes)
1733836871.628529 sending message 105 to peer 0x5c9efdec81d0 (19 bytes)
1733836871.628559 sending message 105 to peer 0x5c9efdec81d0 (18 bytes)
1733836871.628590 sending message 105 to peer 0x5c9efdec81d0 (25 bytes)
1733836871.628619 sending message 105 to peer 0x5c9efdec81d0 (35 bytes)
1733836871.628648 sending message 105 to peer 0x5c9efdec81d0 (14 bytes)
1733836871.628679 sending message 105 to peer 0x5c9efdec81d0 (12 bytes)
1733836871.628709 sending message 105 to peer 0x5c9efdec81d0 (16 bytes)
1733836871.628738 sending message 105 to peer 0x5c9efdec81d0 (54 bytes)
1733836871.628768 sending message 105 to peer 0x5c9efdec81d0 (26 bytes)
1733836871.628799 sending message 105 to peer 0x5c9efdec81d0 (146 bytes)
1733836871.628830 sending message 105 to peer 0x5c9efdec81d0 (23 bytes)
1733836871.628860 sending message 105 to peer 0x5c9efdec81d0 (31 bytes)
1733836871.628889 sending message 105 to peer 0x5c9efdec81d0 (23 bytes)
1733836871.628919 sending message 105 to peer 0x5c9efdec81d0 (26 bytes)
1733836871.628949 sending message 105 to peer 0x5c9efdec81d0 (25 bytes)
1733836871.628980 sending message 105 to peer 0x5c9efdec81d0 (20 bytes)
1733836871.629008 sending message 105 to peer 0x5c9efdec81d0 (28 bytes)
1733836871.629039 sending message 105 to peer 0x5c9efdec81d0 (16 bytes)
1733836871.629069 sending message 106 to peer 0x5c9efdec81d0 (0 bytes)
1733836871.629235 sending message 200 to peer 0x5c9efdec81d0 (4 bytes)
1733836871.629272 client loop enter
1733836871.630329 peer 0x5c9efdec81d0 message 303
1733836871.630376 open write file 2 -
1733836871.630410 sending message 305 to peer 0x5c9efdec81d0 (8 bytes)
1733836871.630447 write check file 2
1733836871.630823 peer 0x5c9efdec81d0 message 304
1733836871.630855 write 58 to file 2
1733836871.630915 peer 0x5c9efdec81d0 message 203
1733836871.630939 file 2 58 bytes left
1733836871.630982 write check file 2
1733836871.631006 client loop exit
